-------------------------------------------------------------------------------
Test set: com.bankacconts.bankaccounts.BankAccountsApplicationTests
-------------------------------------------------------------------------------
Tests run: 1, Failures: 0, Errors: 1, Skipped: 0, Time elapsed: 0.721 s <<< FAILURE! - in com.bankacconts.bankaccounts.BankAccountsApplicationTests
com.bankacconts.bankaccounts.BankAccountsApplicationTests  Time elapsed: 0.719 s  <<< ERROR!
java.lang.IllegalStateException: Unable to find a @SpringBootConfiguration, you need to use @ContextConfiguration or @SpringBootTest(classes=...) with your test

